2021-10-08 21:12:10.9068|INFO|MediaLibrary.Program|Program started
2021-10-08 21:12:10.9490|INFO|MediaLibrary.FileScrubber|File scrub started
2021-10-08 21:12:10.9714|INFO|MediaLibrary.FileScrubber|File scrub ended
2021-10-08 21:12:10.9714|INFO|MediaLibrary.Program|movies.scrubbed.csv
2021-10-08 21:12:10.9714|INFO|MediaLibrary.Program|Program ended
2021-10-08 21:12:24.6876|INFO|MediaLibrary.Program|Program started
2021-10-08 21:12:24.7371|INFO|MediaLibrary.FileScrubber|File already scrubbed
2021-10-08 21:12:24.7371|INFO|MediaLibrary.Program|movies.scrubbed.csv
2021-10-08 21:12:24.7371|INFO|MediaLibrary.Program|Program ended
2021-10-08 21:13:34.7252|INFO|MediaLibrary.Program|Program started
2021-10-08 21:13:34.7654|INFO|MediaLibrary.FileScrubber|File already scrubbed
2021-10-08 21:13:34.7654|INFO|MediaLibrary.Program|movies.scrubbed.csv
2021-10-08 21:13:34.7654|INFO|MediaLibrary.Program|Program ended
2021-10-10 20:42:42.4175|INFO|MediaLibrary.Program|Program started
2021-10-10 20:42:44.6103|INFO|MediaLibrary.FileScrubber|File already scrubbed
2021-10-10 20:42:44.6103|INFO|MediaLibrary.Program|movies.scrubbed.csv
2021-10-10 20:42:44.6103|INFO|MediaLibrary.Program|Program ended
2021-10-10 21:09:29.8340|INFO|MediaLibrary.Program|Program started
2021-10-10 21:09:31.7736|INFO|MediaLibrary.Program|Media type of: Movie
2021-10-10 21:10:20.7630|INFO|MediaLibrary.MovieFileScrubber|File already scrubbed
2021-10-10 21:10:20.7630|INFO|MediaLibrary.MovieFileScrubber|File scrub started
2021-10-10 21:10:20.7762|ERROR|MediaLibrary.MovieFileScrubber|Could not find file 'C:\Users\Andy\RiderProjects\MediaLibrary\bin\Debug\netcoreapp3.1\movies2.csv'.
2021-10-10 21:10:20.7762|INFO|MediaLibrary.Program|movies.scrubbed.csv
2021-10-10 21:10:20.7762|INFO|MediaLibrary.Program|
2021-10-10 21:10:20.7762|INFO|MediaLibrary.Program|Program ended
2021-10-10 21:12:08.5996|INFO|MediaLibrary.Program|Program started
2021-10-10 21:12:10.7417|INFO|MediaLibrary.Program|Media type of: Movie
2021-10-10 21:12:29.8111|INFO|MediaLibrary.MovieFileScrubber|File already scrubbed
2021-10-10 21:12:29.8111|INFO|MediaLibrary.MovieFileScrubber|File already scrubbed
2021-10-10 21:12:29.8111|INFO|MediaLibrary.Program|movies.scrubbed.csv
2021-10-10 21:12:29.8111|INFO|MediaLibrary.Program|movies2.scrubbed.csv
2021-10-10 21:12:29.8111|INFO|MediaLibrary.Program|Program ended
2021-10-10 21:17:44.2680|INFO|MediaLibrary.Program|Program started
2021-10-10 21:17:45.9498|INFO|MediaLibrary.Program|Media type of: Movie
2021-10-10 21:17:57.4172|ERROR|MediaLibrary.Program|System.FormatException: Input string was not in a correct format.
   at System.Number.ThrowOverflowOrFormatException(ParsingStatus status, TypeCode type)
   at System.Number.ParseInt32(ReadOnlySpan`1 value, NumberStyles styles, NumberFormatInfo info)
   at System.Convert.ToInt32(String value)
   at MediaLibrary.Program.Main(String[] args) in C:\Users\Andy\RiderProjects\MediaLibrary\Program.cs:line 42
2021-10-10 21:18:02.6741|INFO|MediaLibrary.Program|Program started
2021-10-10 21:18:04.2782|INFO|MediaLibrary.Program|Media type of: Movie
2021-10-10 21:18:11.4340|ERROR|MediaLibrary.Program|System.IndexOutOfRangeException: Index was outside the bounds of the array.
   at MediaLibrary.Program.Main(String[] args) in C:\Users\Andy\RiderProjects\MediaLibrary\Program.cs:line 42
2021-10-10 21:18:17.6846|INFO|MediaLibrary.Program|Program started
2021-10-10 21:18:19.0696|INFO|MediaLibrary.Program|Media type of: Movie
2021-10-10 21:18:38.3628|INFO|MediaLibrary.MovieFileScrubber|File already scrubbed
2021-10-10 21:18:38.3628|INFO|MediaLibrary.MovieFileScrubber|File already scrubbed
2021-10-10 21:18:38.3628|INFO|MediaLibrary.Program|movies.scrubbed.csv
2021-10-10 21:18:38.3628|INFO|MediaLibrary.Program|movies2.scrubbed.csv
2021-10-10 21:18:38.3646|INFO|MediaLibrary.Program|Program ended
2021-10-10 21:19:48.9373|INFO|MediaLibrary.Program|Program started
2021-10-10 21:19:50.4379|INFO|MediaLibrary.Program|Media type of: Movie
2021-10-10 21:20:02.4041|INFO|MediaLibrary.MovieFileScrubber|File already scrubbed
2021-10-10 21:20:02.4041|INFO|MediaLibrary.MovieFileScrubber|File already scrubbed
2021-10-10 21:20:02.4041|INFO|MediaLibrary.Program|movies.scrubbed.csv
2021-10-10 21:20:02.4041|INFO|MediaLibrary.Program|movies2.scrubbed.csv
2021-10-10 21:20:02.4041|INFO|MediaLibrary.Program|Program ended
